SF:lib\main.dart
DA:4,1
DA:5,1
DA:9,1
DA:11,1
DA:13,1
DA:15,1
LF:6
LH:6
end_of_record
SF:lib\screens\counter_screen.dart
DA:5,1
DA:7,1
DA:8,1
DA:21,1
DA:22,2
DA:23,2
DA:24,2
DA:28,0
DA:29,0
DA:30,0
DA:31,0
DA:33,0
DA:35,0
DA:38,0
DA:39,0
DA:41,0
DA:43,0
DA:44,0
DA:46,0
DA:48,0
DA:49,0
DA:52,0
DA:53,0
DA:54,0
DA:58,1
DA:60,1
DA:61,1
DA:64,1
DA:65,1
DA:67,1
DA:68,1
DA:69,1
DA:70,1
DA:72,1
DA:76,1
DA:77,2
DA:78,3
DA:80,1
DA:81,0
DA:82,0
DA:83,0
DA:85,0
DA:96,1
DA:98,1
DA:99,1
DA:101,1
DA:102,1
DA:103,1
DA:110,1
DA:112,1
DA:113,1
DA:114,1
DA:121,1
DA:123,1
DA:124,1
DA:125,1
LF:56
LH:35
end_of_record
SF:lib\screens\books_screen.dart
DA:4,0
DA:6,0
DA:7,0
DA:11,0
DA:13,0
DA:14,0
DA:15,0
DA:16,0
DA:17,0
DA:18,0
DA:19,0
DA:26,0
DA:27,0
DA:30,0
DA:33,0
DA:34,0
LF:16
LH:0
end_of_record
